<?xml version="1.0" encoding="UTF-8"?>
<!-- Generated by org.testng.reporters.JUnitReportReporter -->
<testsuite hostname="SLB-2TZTXT2" failures="0" tests="1" name="NewPractice.SVG_EMI" time="27.801" errors="0" timestamp="2021-10-01T09:52:27 IST" skipped="0">
  <testcase classname="NewPractice.SVG_EMI" name="testSVGEMI" time="27.801"/>
  <system-out/>
</testsuite> <!-- NewPractice.SVG_EMI -->
