<?xml version="1.0" encoding="UTF-8"?>
<!-- Generated by org.testng.reporters.JUnitReportReporter -->
<testsuite hostname="SLB-2TZTXT2" failures="0" tests="1" name="utils.ExcelReader" time="0.764" errors="0" timestamp="2021-11-20T15:08:33 IST" skipped="0">
  <testcase classname="utils.ExcelReader" name="getExcelData" time="0.764"/>
  <system-out/>
</testsuite> <!-- utils.ExcelReader -->
