<?xml version="1.0" encoding="UTF-8"?>
<!-- Generated by org.testng.reporters.JUnitReportReporter -->
<testsuite hostname="SLB-2TZTXT2" failures="0" tests="3" name="NewPractice.ExcelDataProvider" time="0.008" errors="0" timestamp="2021-11-20T16:10:09 IST" skipped="0">
  <testcase classname="NewPractice.ExcelDataProvider" name="test" time="0.002"/>
  <system-out/>
  <testcase classname="NewPractice.ExcelDataProvider" name="test" time="0.005"/>
  <system-out/>
  <testcase classname="NewPractice.ExcelDataProvider" name="test" time="0.001"/>
  <system-out/>
</testsuite> <!-- NewPractice.ExcelDataProvider -->
