<?xml version="1.0" encoding="UTF-8"?>
<!-- Generated by org.testng.reporters.JUnitReportReporter -->
<testsuite hostname="SLB-2TZTXT2" failures="0" tests="1" name="NewPractice.Challenge1" time="6.436" errors="0" timestamp="2021-09-03T10:27:47 IST" skipped="0">
  <testcase classname="NewPractice.Challenge1" name="getPopulationData" time="6.436"/>
  <system-out/>
</testsuite> <!-- NewPractice.Challenge1 -->
