<?xml version="1.0" encoding="UTF-8"?>
<!-- Generated by org.testng.reporters.JUnitReportReporter -->
<testsuite hostname="SLB-2TZTXT2" failures="0" tests="1" name="NewPractice.DynamicWebTables" time="8.727" errors="0" timestamp="2021-04-28T22:24:02 IST" skipped="0">
  <testcase classname="NewPractice.DynamicWebTables" name="TestWebTables" time="8.727"/>
  <system-out/>
</testsuite> <!-- NewPractice.DynamicWebTables -->
