<?xml version="1.0" encoding="UTF-8"?>
<!-- Generated by org.testng.reporters.JUnitReportReporter -->
<testsuite hostname="SLB-2TZTXT2" failures="0" tests="1" name="NewPractice.KeyBoardActions" time="6.046" errors="0" timestamp="2021-04-18T19:51:27 IST" skipped="0">
  <testcase classname="NewPractice.KeyBoardActions" name="keyBoardAction" time="6.046"/>
  <system-out/>
</testsuite> <!-- NewPractice.KeyBoardActions -->
