<?xml version="1.0" encoding="UTF-8"?>
<!-- Generated by org.testng.reporters.JUnitReportReporter -->
<testsuite hostname="SLB-2TZTXT2" failures="0" tests="2" name="NewPractice.CrossBroswerDemo" time="17.435" errors="0" timestamp="2021-04-29T22:37:11 IST" skipped="0">
  <testcase classname="NewPractice.CrossBroswerDemo" name="launchAppTest" time="6.448"/>
  <system-out/>
  <testcase classname="NewPractice.CrossBroswerDemo" name="launchAppTest" time="10.987"/>
  <system-out/>
</testsuite> <!-- NewPractice.CrossBroswerDemo -->
