<?xml version="1.0" encoding="UTF-8"?>
<!-- Generated by org.testng.reporters.JUnitReportReporter -->
<testsuite hostname="SLB-2TZTXT2" failures="0" tests="1" name="NewPractice.SVG_MSNNifty" time="6.833" errors="0" timestamp="2021-10-05T17:00:37 IST" skipped="0">
  <testcase classname="NewPractice.SVG_MSNNifty" name="testSVG" time="6.833"/>
  <system-out/>
</testsuite> <!-- NewPractice.SVG_MSNNifty -->
