<?xml version="1.0" encoding="UTF-8"?>
<!-- Generated by org.testng.reporters.JUnitReportReporter -->
<testsuite hostname="SLB-2TZTXT2" failures="0" tests="1" name="NewPractice.JsonHashMap" time="0.005" errors="0" timestamp="2021-04-28T13:08:02 IST" skipped="0">
  <testcase classname="NewPractice.JsonHashMap" name="RunData" time="0.005"/>
  <system-out/>
</testsuite> <!-- NewPractice.JsonHashMap -->
